{"/Users/sarahlee/turing/4module/projects/sw-express/sw-express/routes/api/v1/favorites.js": {"path":"/Users/sarahlee/turing/4module/projects/sw-express/sw-express/routes/api/v1/favorites.js","statementMap":{"0":{"start":{"line":1,"column":14},"end":{"line":1,"column":32}},"1":{"start":{"line":2,"column":12},"end":{"line":2,"column":33}},"2":{"start":{"line":3,"column":13},"end":{"line":3,"column":29}},"3":{"start":{"line":4,"column":11},"end":{"line":4,"column":42}},"4":{"start":{"line":5,"column":16},"end":{"line":5,"column":51}},"5":{"start":{"line":8,"column":0},"end":{"line":35,"column":2}},"6":{"start":{"line":9,"column":2},"end":{"line":9,"column":52}},"7":{"start":{"line":10,"column":13},"end":{"line":10,"column":30}},"8":{"start":{"line":12,"column":2},"end":{"line":14,"column":3}},"9":{"start":{"line":13,"column":4},"end":{"line":13,"column":62}},"10":{"start":{"line":16,"column":2},"end":{"line":34,"column":5}},"11":{"start":{"line":20,"column":4},"end":{"line":22,"column":5}},"12":{"start":{"line":21,"column":6},"end":{"line":21,"column":64}},"13":{"start":{"line":23,"column":6},"end":{"line":33,"column":6}},"14":{"start":{"line":27,"column":8},"end":{"line":29,"column":11}},"15":{"start":{"line":32,"column":6},"end":{"line":32,"column":45}},"16":{"start":{"line":39,"column":0},"end":{"line":90,"column":5}},"17":{"start":{"line":40,"column":2},"end":{"line":40,"column":52}},"18":{"start":{"line":41,"column":16},"end":{"line":41,"column":18}},"19":{"start":{"line":43,"column":2},"end":{"line":45,"column":3}},"20":{"start":{"line":44,"column":4},"end":{"line":44,"column":62}},"21":{"start":{"line":47,"column":2},"end":{"line":89,"column":6}},"22":{"start":{"line":51,"column":4},"end":{"line":53,"column":5}},"23":{"start":{"line":52,"column":6},"end":{"line":52,"column":64}},"24":{"start":{"line":55,"column":4},"end":{"line":83,"column":8}},"25":{"start":{"line":61,"column":6},"end":{"line":61,"column":46}},"26":{"start":{"line":63,"column":6},"end":{"line":82,"column":9}},"27":{"start":{"line":64,"column":19},"end":{"line":64,"column":32}},"28":{"start":{"line":65,"column":8},"end":{"line":65,"column":49}},"29":{"start":{"line":67,"column":23},"end":{"line":67,"column":111}},"30":{"start":{"line":70,"column":22},"end":{"line":70,"column":37}},"31":{"start":{"line":74,"column":22},"end":{"line":77,"column":10}},"32":{"start":{"line":78,"column":8},"end":{"line":78,"column":39}},"33":{"start":{"line":79,"column":8},"end":{"line":81,"column":55}},"34":{"start":{"line":81,"column":25},"end":{"line":81,"column":54}},"35":{"start":{"line":88,"column":4},"end":{"line":88,"column":59}},"36":{"start":{"line":95,"column":0},"end":{"line":123,"column":2}},"37":{"start":{"line":96,"column":2},"end":{"line":96,"column":52}},"38":{"start":{"line":97,"column":13},"end":{"line":97,"column":30}},"39":{"start":{"line":99,"column":2},"end":{"line":101,"column":3}},"40":{"start":{"line":100,"column":4},"end":{"line":100,"column":62}},"41":{"start":{"line":103,"column":2},"end":{"line":122,"column":5}},"42":{"start":{"line":107,"column":4},"end":{"line":109,"column":5}},"43":{"start":{"line":108,"column":6},"end":{"line":108,"column":64}},"44":{"start":{"line":110,"column":6},"end":{"line":121,"column":6}},"45":{"start":{"line":117,"column":8},"end":{"line":117,"column":30}},"46":{"start":{"line":120,"column":6},"end":{"line":120,"column":45}},"47":{"start":{"line":125,"column":0},"end":{"line":125,"column":24}}},"fnMap":{"0":{"name":"(anonymous_0)","decl":{"start":{"line":8,"column":17},"end":{"line":8,"column":18}},"loc":{"start":{"line":8,"column":42},"end":{"line":35,"column":1}},"line":8},"1":{"name":"(anonymous_1)","decl":{"start":{"line":19,"column":8},"end":{"line":19,"column":9}},"loc":{"start":{"line":19,"column":16},"end":{"line":34,"column":3}},"line":19},"2":{"name":"(anonymous_2)","decl":{"start":{"line":26,"column":12},"end":{"line":26,"column":13}},"loc":{"start":{"line":26,"column":24},"end":{"line":30,"column":7}},"line":26},"3":{"name":"(anonymous_3)","decl":{"start":{"line":31,"column":11},"end":{"line":31,"column":12}},"loc":{"start":{"line":31,"column":20},"end":{"line":33,"column":5}},"line":31},"4":{"name":"(anonymous_4)","decl":{"start":{"line":39,"column":16},"end":{"line":39,"column":17}},"loc":{"start":{"line":39,"column":41},"end":{"line":90,"column":3}},"line":39},"5":{"name":"(anonymous_5)","decl":{"start":{"line":50,"column":8},"end":{"line":50,"column":9}},"loc":{"start":{"line":50,"column":16},"end":{"line":85,"column":5}},"line":50},"6":{"name":"(anonymous_6)","decl":{"start":{"line":59,"column":10},"end":{"line":59,"column":11}},"loc":{"start":{"line":59,"column":25},"end":{"line":83,"column":7}},"line":59},"7":{"name":"(anonymous_7)","decl":{"start":{"line":63,"column":26},"end":{"line":63,"column":27}},"loc":{"start":{"line":63,"column":41},"end":{"line":82,"column":8}},"line":63},"8":{"name":"(anonymous_8)","decl":{"start":{"line":81,"column":14},"end":{"line":81,"column":15}},"loc":{"start":{"line":81,"column":25},"end":{"line":81,"column":54}},"line":81},"9":{"name":"(anonymous_9)","decl":{"start":{"line":87,"column":9},"end":{"line":87,"column":10}},"loc":{"start":{"line":87,"column":18},"end":{"line":89,"column":5}},"line":87},"10":{"name":"(anonymous_10)","decl":{"start":{"line":95,"column":19},"end":{"line":95,"column":20}},"loc":{"start":{"line":95,"column":44},"end":{"line":123,"column":1}},"line":95},"11":{"name":"(anonymous_11)","decl":{"start":{"line":106,"column":8},"end":{"line":106,"column":9}},"loc":{"start":{"line":106,"column":16},"end":{"line":122,"column":3}},"line":106},"12":{"name":"(anonymous_12)","decl":{"start":{"line":116,"column":12},"end":{"line":116,"column":13}},"loc":{"start":{"line":116,"column":24},"end":{"line":118,"column":7}},"line":116},"13":{"name":"(anonymous_13)","decl":{"start":{"line":119,"column":11},"end":{"line":119,"column":12}},"loc":{"start":{"line":119,"column":20},"end":{"line":121,"column":5}},"line":119}},"branchMap":{"0":{"loc":{"start":{"line":12,"column":2},"end":{"line":14,"column":3}},"type":"if","locations":[{"start":{"line":12,"column":2},"end":{"line":14,"column":3}},{"start":{"line":12,"column":2},"end":{"line":14,"column":3}}],"line":12},"1":{"loc":{"start":{"line":20,"column":4},"end":{"line":22,"column":5}},"type":"if","locations":[{"start":{"line":20,"column":4},"end":{"line":22,"column":5}},{"start":{"line":20,"column":4},"end":{"line":22,"column":5}}],"line":20},"2":{"loc":{"start":{"line":43,"column":2},"end":{"line":45,"column":3}},"type":"if","locations":[{"start":{"line":43,"column":2},"end":{"line":45,"column":3}},{"start":{"line":43,"column":2},"end":{"line":45,"column":3}}],"line":43},"3":{"loc":{"start":{"line":51,"column":4},"end":{"line":53,"column":5}},"type":"if","locations":[{"start":{"line":51,"column":4},"end":{"line":53,"column":5}},{"start":{"line":51,"column":4},"end":{"line":53,"column":5}}],"line":51},"4":{"loc":{"start":{"line":99,"column":2},"end":{"line":101,"column":3}},"type":"if","locations":[{"start":{"line":99,"column":2},"end":{"line":101,"column":3}},{"start":{"line":99,"column":2},"end":{"line":101,"column":3}}],"line":99},"5":{"loc":{"start":{"line":107,"column":4},"end":{"line":109,"column":5}},"type":"if","locations":[{"start":{"line":107,"column":4},"end":{"line":109,"column":5}},{"start":{"line":107,"column":4},"end":{"line":109,"column":5}}],"line":107}},"s":{"0":1,"1":1,"2":1,"3":1,"4":1,"5":1,"6":1,"7":1,"8":1,"9":0,"10":1,"11":1,"12":0,"13":1,"14":1,"15":0,"16":1,"17":0,"18":0,"19":0,"20":0,"21":0,"22":0,"23":0,"24":0,"25":0,"26":0,"27":0,"28":0,"29":0,"30":0,"31":0,"32":0,"33":0,"34":0,"35":0,"36":1,"37":1,"38":1,"39":1,"40":0,"41":1,"42":1,"43":0,"44":1,"45":1,"46":0,"47":1},"f":{"0":1,"1":1,"2":1,"3":0,"4":0,"5":0,"6":0,"7":0,"8":0,"9":0,"10":1,"11":1,"12":1,"13":0},"b":{"0":[0,1],"1":[0,1],"2":[0,0],"3":[0,0],"4":[0,1],"5":[0,1]},"_coverageSchema":"43e27e138ebf9cfc5966b082cf9a028302ed4184","hash":"51f4068b9e18491fe62dbd55ff9b18a2b7a792a7"}
}
