TN:
SF:/Users/sarahlee/turing/4module/projects/sw-express/sw-express/routes/api/v1/favorites.js
FN:8,(anonymous_0)
FN:19,(anonymous_1)
FN:26,(anonymous_2)
FN:31,(anonymous_3)
FN:39,(anonymous_4)
FN:50,(anonymous_5)
FN:59,(anonymous_6)
FN:63,(anonymous_7)
FN:81,(anonymous_8)
FN:87,(anonymous_9)
FN:95,(anonymous_10)
FN:106,(anonymous_11)
FN:116,(anonymous_12)
FN:119,(anonymous_13)
FNF:14
FNH:6
FNDA:1,(anonymous_0)
FNDA:1,(anonymous_1)
FNDA:1,(anonymous_2)
FNDA:0,(anonymous_3)
FNDA:0,(anonymous_4)
FNDA:0,(anonymous_5)
FNDA:0,(anonymous_6)
FNDA:0,(anonymous_7)
FNDA:0,(anonymous_8)
FNDA:0,(anonymous_9)
FNDA:1,(anonymous_10)
FNDA:1,(anonymous_11)
FNDA:1,(anonymous_12)
FNDA:0,(anonymous_13)
DA:1,1
DA:2,1
DA:3,1
DA:4,1
DA:5,1
DA:8,1
DA:9,1
DA:10,1
DA:12,1
DA:13,0
DA:16,1
DA:20,1
DA:21,0
DA:23,1
DA:27,1
DA:32,0
DA:39,1
DA:40,0
DA:41,0
DA:43,0
DA:44,0
DA:47,0
DA:51,0
DA:52,0
DA:55,0
DA:61,0
DA:63,0
DA:64,0
DA:65,0
DA:67,0
DA:70,0
DA:74,0
DA:78,0
DA:79,0
DA:81,0
DA:88,0
DA:95,1
DA:96,1
DA:97,1
DA:99,1
DA:100,0
DA:103,1
DA:107,1
DA:108,0
DA:110,1
DA:117,1
DA:120,0
DA:125,1
LF:48
LH:23
BRDA:12,0,0,0
BRDA:12,0,1,1
BRDA:20,1,0,0
BRDA:20,1,1,1
BRDA:43,2,0,0
BRDA:43,2,1,0
BRDA:51,3,0,0
BRDA:51,3,1,0
BRDA:99,4,0,0
BRDA:99,4,1,1
BRDA:107,5,0,0
BRDA:107,5,1,1
BRF:12
BRH:4
end_of_record
